Build started 10/17/2020 3:47:09 PM.
     1>Project "C:\Users\steve\Desktop\Shodor\project\Modules\Morphing\MorphLib_SuccessfulBuild\Example\Example.vcxproj" on node 2 (Rebuild target(s)).
     1>ClCompile:
         C:\Program Files (x86)\Microsoft Visual Studio 12.0\VC\bin\CL.exe /c /I"C:\Softwares\opencv-3.0.0\opencv-3.0.0\build\install\include" /ZI /nologo /W3 /WX- /Od /Oy- /D _MBCS /Gm /EHsc /RTC1 /MDd /GS /fp:precise /Zc:wchar_t /Zc:forScope /openmp /Fo"Debug\\" /Fd"Debug\vc120.pdb" /Gd /TP /analyze- /errorReport:prompt main.cpp
         main.cpp
     1>c:\softwares\opencv-3.0.0\opencv-3.0.0\build\install\include\opencv2\core\mat.hpp(1965): warning C4819: The file contains a character that cannot be represented in the current code page (936). Save the file in Unicode format to prevent data loss
     1>c:\softwares\opencv-3.0.0\opencv-3.0.0\build\install\include\opencv2\core\persistence.hpp : warning C4819: The file contains a character that cannot be represented in the current code page (936). Save the file in Unicode format to prevent data loss
     1>c:\softwares\opencv-3.0.0\opencv-3.0.0\build\install\include\opencv2\core\utility.hpp : warning C4819: The file contains a character that cannot be represented in the current code page (936). Save the file in Unicode format to prevent data loss
       Link:
         C:\Program Files (x86)\Microsoft Visual Studio 12.0\VC\bin\link.exe /ERRORREPORT:PROMPT /OUT:"C:\Users\steve\Desktop\Shodor\project\Modules\Morphing\MorphLib_SuccessfulBuild\Debug\Example.exe" /INCREMENTAL /NOLOGO /LIBPATH:"C:\Softwares\opencv-3.0.0\opencv-3.0.0\build\install\x64\vc12\lib" CPUMorph.lib Pyramids.lib /MANIFEST /MANIFESTUAC:"level='asInvoker' uiAccess='false'" /manifest:embed /DEBUG /PDB:"C:\Users\steve\Desktop\Shodor\project\Modules\Morphing\MorphLib_SuccessfulBuild\Debug\Example.pdb" /SUBSYSTEM:WINDOWS /TLBID:1 /DYNAMICBASE /NXCOMPAT /IMPLIB:"C:\Users\steve\Desktop\Shodor\project\Modules\Morphing\MorphLib_SuccessfulBuild\Debug\Example.lib" /MACHINE:X86 Debug\main.obj
     1>LINK : fatal error LNK1104: cannot open file 'CPUMorph.lib'
     1>Done Building Project "C:\Users\steve\Desktop\Shodor\project\Modules\Morphing\MorphLib_SuccessfulBuild\Example\Example.vcxproj" (Rebuild target(s)) -- FAILED.

Build FAILED.

Time Elapsed 00:00:02.45
